[debug] [2018-07-07T12:51:48.153Z] ----------------------------------------------------------------------
[debug] [2018-07-07T12:51:48.155Z] Command:       C:\Program Files\nodejs\node.exe C:\Users\A27\AppData\Roaming\npm\node_modules\firebase-tools\bin\firebase deploy
[debug] [2018-07-07T12:51:48.156Z] CLI Version:   3.19.3
[debug] [2018-07-07T12:51:48.156Z] Platform:      win32
[debug] [2018-07-07T12:51:48.156Z] Node Version:  v8.11.3
[debug] [2018-07-07T12:51:48.156Z] Time:          Sat Jul 07 2018 19:51:48 GMT+0700 (SE Asia Standard Time)
[debug] [2018-07-07T12:51:48.156Z] ----------------------------------------------------------------------
[debug] 
[debug] [2018-07-07T12:51:48.167Z] > command requires scopes: ["email","openid","https://www.googleapis.com/auth/cloudplatformprojects.readonly","https://www.googleapis.com/auth/firebase","https://www.googleapis.com/auth/cloud-platform"]
[debug] [2018-07-07T12:51:48.168Z] > authorizing via signed-in user
[debug] [2018-07-07T12:51:48.170Z] > refreshing access token with scopes: ["email","https://www.googleapis.com/auth/cloud-platform","https://www.googleapis.com/auth/cloudplatformprojects.readonly","https://www.googleapis.com/auth/firebase","openid"]
[debug] [2018-07-07T12:51:48.170Z] >>> HTTP REQUEST POST https://www.googleapis.com/oauth2/v3/token  
 { refresh_token: '1/z5dQddWwCKg02IsJDEgznfVXe76NDeZgtMSYDJgOPeI',
  client_id: '563584335869-fgrhgmd47bqnekij5i8b5pr03ho849e6.apps.googleusercontent.com',
  client_secret: 'j9iVZfS8kkCEFUPaAeJV0sAi',
  grant_type: 'refresh_token',
  scope: 'email https://www.googleapis.com/auth/cloud-platform https://www.googleapis.com/auth/cloudplatformprojects.readonly https://www.googleapis.com/auth/firebase openid' } 
 Sat Jul 07 2018 19:51:48 GMT+0700 (SE Asia Standard Time)
[debug] [2018-07-07T12:51:48.503Z] <<< HTTP RESPONSE 200
[debug] [2018-07-07T12:51:48.514Z] >>> HTTP REQUEST GET https://admin.firebase.com/v1/projects/laotourinfo-1526194679741  
  
 Sat Jul 07 2018 19:51:48 GMT+0700 (SE Asia Standard Time)
[debug] [2018-07-07T12:51:49.602Z] <<< HTTP RESPONSE 200
[debug] [2018-07-07T12:51:49.602Z] >>> HTTP REQUEST GET https://admin.firebase.com/v1/database/laotourinfo-1526194679741/tokens  
  
 Sat Jul 07 2018 19:51:49 GMT+0700 (SE Asia Standard Time)
[debug] [2018-07-07T12:51:50.481Z] <<< HTTP RESPONSE 200
[info] 
[info] === Deploying to 'laotourinfo-1526194679741'...
[info] 
[info] i  deploying firestore, hosting
[info] i  firestore: checking firestore.rules for compilation errors...
[debug] [2018-07-07T12:51:51.735Z] >>> HTTP REQUEST POST https://firebaserules.googleapis.com/v1/projects/laotourinfo-1526194679741:test  
 { source: { files: [ [Object] ] } } 
 Sat Jul 07 2018 19:51:51 GMT+0700 (SE Asia Standard Time)
[debug] [2018-07-07T12:51:53.127Z] <<< HTTP RESPONSE 200
[info] +  firestore: rules file firestore.rules compiled successfully
[info] i  firestore: uploading rules firestore.rules...
[debug] [2018-07-07T12:51:53.131Z] >>> HTTP REQUEST POST https://firebaserules.googleapis.com/v1/projects/laotourinfo-1526194679741/rulesets  
 { source: { files: [ [Object] ] } } 
 Sat Jul 07 2018 19:51:53 GMT+0700 (SE Asia Standard Time)
[debug] [2018-07-07T12:51:53.132Z] >>> HTTP REQUEST GET https://firestore.googleapis.com/v1beta1/projects/laotourinfo-1526194679741/databases/(default)/indexes  
  
 Sat Jul 07 2018 19:51:53 GMT+0700 (SE Asia Standard Time)
[debug] [2018-07-07T12:51:53.536Z] <<< HTTP RESPONSE 200
[debug] [2018-07-07T12:51:53.536Z] [rules] created ruleset projects/laotourinfo-1526194679741/rulesets/d3386e06-1883-41e8-a449-9fe165e4bf85
[debug] [2018-07-07T12:51:55.034Z] <<< HTTP RESPONSE 200
[info] i  hosting: preparing public directory for upload...
[debug] [2018-07-07T12:51:56.698Z] >>> HTTP REQUEST PUT https://deploy.firebase.com/v1/hosting/laotourinfo-1526194679741/uploads/-LGon6Ju4uSsOeV5dWrC?fileCount=109&message=  
  
 Sat Jul 07 2018 19:51:56 GMT+0700 (SE Asia Standard Time)
[debug] [2018-07-07T12:51:56.989Z] Error: getaddrinfo ENOTFOUND deploy.firebase.com deploy.firebase.com:443
    at errnoException (dns.js:50:10)
    at GetAddrInfoReqWrap.onlookup [as oncomplete] (dns.js:92:26)
[error] 
[error] Error: Server Error. getaddrinfo ENOTFOUND deploy.firebase.com deploy.firebase.com:443
